<?xml version="1.0" encoding="UTF-8"?>
<!-- Generated by org.testng.reporters.JUnitReportReporter -->
<testsuite hostname="DESKTOP-ICEBNMT" failures="0" tests="1" name="com.edu.sms.timetable.VerifyTimetable" time="28.947" errors="0" timestamp="2023-06-02T16:31:59 IST" skipped="0">
  <testcase classname="com.edu.sms.timetable.VerifyTimetable" name="VerifyTimetable" time="28.947"/>
  <system-out/>
</testsuite> <!-- com.edu.sms.timetable.VerifyTimetable -->
