<?xml version="1.0" encoding="UTF-8"?>
<!-- Generated by org.testng.reporters.JUnitReportReporter -->
<testsuite hostname="DESKTOP-ICEBNMT" failures="0" tests="1" name="com.edu.sms.pettycash.VerifyPettycashTestNG" time="18.560" errors="0" timestamp="2023-05-25T14:47:55 IST" skipped="0">
  <testcase classname="com.edu.sms.pettycash.VerifyPettycashTestNG" name="createTeacher" time="18.560"/>
  <system-out/>
</testsuite> <!-- com.edu.sms.pettycash.VerifyPettycashTestNG -->
