<?xml version="1.0" encoding="UTF-8"?>
<!-- Generated by org.testng.reporters.JUnitReportReporter -->
<testsuite hostname="DESKTOP-ICEBNMT" failures="0" tests="1" name="com.edu.sms.teacher.VerifyTeacherInSubjectRotingPopupOfTimetablePage" time="13.590" errors="0" timestamp="2023-05-30T13:00:04 IST" skipped="0">
  <testcase classname="com.edu.sms.teacher.VerifyTeacherInSubjectRotingPopupOfTimetablePage" name="verifyTeacher" time="13.590"/>
  <system-out>
    <![CDATA[teacher is selected]]>
  </system-out>
</testsuite> <!-- com.edu.sms.teacher.VerifyTeacherInSubjectRotingPopupOfTimetablePage -->
