<?xml version="1.0" encoding="UTF-8"?>
<!-- Generated by org.testng.reporters.JUnitReportReporter -->
<testsuite hostname="DESKTOP-ICEBNMT" failures="0" tests="1" name="com.edu.sms.student.EditStudent" time="6.231" errors="0" timestamp="2023-06-06T14:54:17 IST" skipped="0">
  <testcase classname="com.edu.sms.student.EditStudent" name="editStudent" time="6.231"/>
  <system-out/>
</testsuite> <!-- com.edu.sms.student.EditStudent -->
