<?xml version="1.0" encoding="UTF-8"?>
<!-- Generated by org.testng.reporters.JUnitReportReporter -->
<testsuite hostname="DESKTOP-ICEBNMT" failures="0" tests="1" name="com.edu.subjectrouting.VerifySubjectRouting" time="17.619" errors="0" timestamp="2023-05-30T15:08:28 IST" skipped="0">
  <testcase classname="com.edu.subjectrouting.VerifySubjectRouting" name="VerifySubjectRouting" time="17.619"/>
  <system-out>
    <![CDATA[subject routing added]]>
  </system-out>
</testsuite> <!-- com.edu.subjectrouting.VerifySubjectRouting -->
