<?xml version="1.0" encoding="UTF-8"?>
<!-- Generated by org.testng.reporters.JUnitReportReporter -->
<testsuite hostname="DESKTOP-ICEBNMT" failures="0" tests="4" name="practice.FetchDataFromExcel" time="0.015" errors="0" timestamp="2023-05-24T11:33:09 IST" skipped="0">
  <testcase classname="practice.FetchDataFromExcel" name="getData" time="0.002"/>
  <system-out/>
  <testcase classname="practice.FetchDataFromExcel" name="getData" time="0.001"/>
  <system-out/>
  <testcase classname="practice.FetchDataFromExcel" name="getData" time="0.009"/>
  <system-out/>
  <testcase classname="practice.FetchDataFromExcel" name="getData" time="0.003"/>
  <system-out/>
</testsuite> <!-- practice.FetchDataFromExcel -->
