<?xml version="1.0" encoding="UTF-8"?>
<!-- Generated by org.testng.reporters.JUnitReportReporter -->
<testsuite hostname="DESKTOP-ICEBNMT" failures="0" tests="1" name="com.edu.sms.pettycash.VerifyPettyCash" time="17.972" errors="0" timestamp="2023-05-29T15:06:06 IST" skipped="0">
  <testcase classname="com.edu.sms.pettycash.VerifyPettyCash" name="verifyPettyCash" time="17.972"/>
  <system-out/>
</testsuite> <!-- com.edu.sms.pettycash.VerifyPettyCash -->
